d:\facultate\an 4\an 4 - sem 1\mps\proiect\imagebinarization\imagebinarization\debug\imagebinarization.pch
d:\facultate\an 4\an 4 - sem 1\mps\proiect\imagebinarization\imagebinarization\debug\vc120.pdb
d:\facultate\an 4\an 4 - sem 1\mps\proiect\imagebinarization\imagebinarization\debug\vc120.idb
d:\facultate\an 4\an 4 - sem 1\mps\proiect\imagebinarization\imagebinarization\debug\stdafx.obj
d:\facultate\an 4\an 4 - sem 1\mps\proiect\imagebinarization\imagebinarization\debug\buffers.obj
d:\facultate\an 4\an 4 - sem 1\mps\proiect\imagebinarization\imagebinarization\debug\christianbinarization.obj
d:\facultate\an 4\an 4 - sem 1\mps\proiect\imagebinarization\imagebinarization\debug\direct_access_image.obj
d:\facultate\an 4\an 4 - sem 1\mps\proiect\imagebinarization\imagebinarization\debug\main.obj
d:\facultate\an 4\an 4 - sem 1\mps\proiect\imagebinarization\imagebinarization\debug\mybarrier.obj
d:\facultate\an 4\an 4 - sem 1\mps\proiect\imagebinarization\imagebinarization\debug\mymutex.obj
d:\facultate\an 4\an 4 - sem 1\mps\proiect\imagebinarization\imagebinarization\debug\mythread.obj
d:\facultate\an 4\an 4 - sem 1\mps\proiect\imagebinarization\debug\imagebinarization.ilk
d:\facultate\an 4\an 4 - sem 1\mps\proiect\imagebinarization\debug\imagebinarization.exe
d:\facultate\an 4\an 4 - sem 1\mps\proiect\imagebinarization\debug\imagebinarization.pdb
d:\facultate\an 4\an 4 - sem 1\mps\proiect\imagebinarization\imagebinarization\debug\imagebin.9e6dbb8d.tlog\cl.command.1.tlog
d:\facultate\an 4\an 4 - sem 1\mps\proiect\imagebinarization\imagebinarization\debug\imagebin.9e6dbb8d.tlog\cl.read.1.tlog
d:\facultate\an 4\an 4 - sem 1\mps\proiect\imagebinarization\imagebinarization\debug\imagebin.9e6dbb8d.tlog\cl.write.1.tlog
d:\facultate\an 4\an 4 - sem 1\mps\proiect\imagebinarization\imagebinarization\debug\imagebin.9e6dbb8d.tlog\link.command.1.tlog
d:\facultate\an 4\an 4 - sem 1\mps\proiect\imagebinarization\imagebinarization\debug\imagebin.9e6dbb8d.tlog\link.read.1.tlog
d:\facultate\an 4\an 4 - sem 1\mps\proiect\imagebinarization\imagebinarization\debug\imagebin.9e6dbb8d.tlog\link.write.1.tlog
