Build started 12-Dec-13 9:25:46 PM.
     1>Project "D:\Facultate\An 4\An 4 - Sem 1\MPS\Proiect\ImageBinarization\ImageBinarization\ImageBinarization.vcxproj" on node 2 (Rebuild target(s)).
     1>ClCompile:
         C:\Program Files (x86)\Microsoft Visual Studio 12.0\VC\bin\CL.exe /c /ZI /nologo /W4 /WX- /sdl /Od /Oy- /D WIN32 /D _DEBUG /D _CONSOLE /D _UNICODE /D UNICODE /Gm /EHsc /RTC1 /MDd /GS /fp:precise /Zc:wchar_t /Zc:forScope /Yc"stdafx.h" /Fp"Debug\ImageBinarization.pch" /Fo"Debug\\" /Fd"Debug\vc120.pdb" /Gd /TP /analyze- /errorReport:prompt stdafx.cpp
         stdafx.cpp
         C:\Program Files (x86)\Microsoft Visual Studio 12.0\VC\bin\CL.exe /c /ZI /nologo /W4 /WX- /sdl /Od /Oy- /D WIN32 /D _DEBUG /D _CONSOLE /D _UNICODE /D UNICODE /Gm /EHsc /RTC1 /MDd /GS /fp:precise /Zc:wchar_t /Zc:forScope /Yu"stdafx.h" /Fp"Debug\ImageBinarization.pch" /Fo"Debug\\" /Fd"Debug\vc120.pdb" /Gd /TP /analyze- /errorReport:prompt Buffers.cpp ChristianBinarization.cpp Direct_Access_Image.cpp Main.cpp MyBarrier.cpp MyMutex.cpp MyThread.cpp
         MyThread.cpp
         MyMutex.cpp
         MyBarrier.cpp
         Main.cpp
         Direct_Access_Image.cpp
         ChristianBinarization.cpp
         Buffers.cpp
         Generating Code...
       Link:
         C:\Program Files (x86)\Microsoft Visual Studio 12.0\VC\bin\link.exe /ERRORREPORT:PROMPT /OUT:"D:\Facultate\An 4\An 4 - Sem 1\MPS\Proiect\ImageBinarization\Debug\ImageBinarization.exe" /INCREMENTAL /NOLOGO kernel32.lib user32.lib gdi32.lib winspool.lib comdlg32.lib advapi32.lib shell32.lib ole32.lib oleaut32.lib uuid.lib odbc32.lib odbccp32.lib /MANIFEST /MANIFESTUAC:"level='asInvoker' uiAccess='false'" /manifest:embed /DEBUG /PDB:"D:\Facultate\An 4\An 4 - Sem 1\MPS\Proiect\ImageBinarization\Debug\ImageBinarization.pdb" /SUBSYSTEM:CONSOLE /TLBID:1 /DYNAMICBASE /NXCOMPAT /IMPLIB:"D:\Facultate\An 4\An 4 - Sem 1\MPS\Proiect\ImageBinarization\Debug\ImageBinarization.lib" /MACHINE:X86 Debug\Buffers.obj
         Debug\ChristianBinarization.obj
         Debug\Direct_Access_Image.obj
         Debug\Main.obj
         Debug\MyBarrier.obj
         Debug\MyMutex.obj
         Debug\stdafx.obj
         Debug\MyThread.obj
         ImageBinarization.vcxproj -> D:\Facultate\An 4\An 4 - Sem 1\MPS\Proiect\ImageBinarization\Debug\ImageBinarization.exe
     1>Done Building Project "D:\Facultate\An 4\An 4 - Sem 1\MPS\Proiect\ImageBinarization\ImageBinarization\ImageBinarization.vcxproj" (Rebuild target(s)).

Build succeeded.

Time Elapsed 00:00:02.95
