Build started 18.12.2013 10:32:00.
     1>Project "C:\Users\cristina\Desktop\HA\fileshare_Direct_Access_Image_Sample\Direct_Access_Image_Sample.vcxproj" on node 2 (build target(s)).
     1>InitializeBuildStatus:
         Creating "Debug\bam.unsuccessfulbuild" because "AlwaysCreate" was specified.
       ClCompile:
         All outputs are up-to-date.
         D:\software\Visual 2010\VC\bin\CL.exe /c /ZI /nologo /W4 /WX- /Od /Oy- /D WIN32 /D _DEBUG /D _CONSOLE /D _UNICODE /D UNICODE /Gm /EHsc /RTC1 /MDd /GS /fp:precise /Zc:wchar_t /Zc:forScope /Yu"StdAfx.h" /Fp"Debug\bam.pch" /Fo"Debug\\" /Fd"Debug\vc100.pdb" /Gd /TP /analyze- /errorReport:prompt bam.cpp
         bam.cpp
       ManifestResourceCompile:
         All outputs are up-to-date.
       Link:
         D:\software\Visual 2010\VC\bin\link.exe /ERRORREPORT:PROMPT /OUT:"C:\Users\cristina\Desktop\HA\fileshare_Direct_Access_Image_Sample\Debug\bam.exe" /INCREMENTAL /NOLOGO kernel32.lib user32.lib gdi32.lib winspool.lib comdlg32.lib advapi32.lib shell32.lib ole32.lib oleaut32.lib uuid.lib odbc32.lib odbccp32.lib /MANIFEST /ManifestFile:"Debug\bam.exe.intermediate.manifest" /MANIFESTUAC:"level='asInvoker' uiAccess='false'" /DEBUG /PDB:"C:\Users\cristina\Desktop\HA\fileshare_Direct_Access_Image_Sample\Debug\bam.pdb" /SUBSYSTEM:CONSOLE /TLBID:1 /DYNAMICBASE /NXCOMPAT /IMPLIB:"C:\Users\cristina\Desktop\HA\fileshare_Direct_Access_Image_Sample\Debug\bam.lib" /MACHINE:X86 Debug\bam.exe.embed.manifest.res
         Debug\Direct_Access_Image.obj
         Debug\bam.obj
         Debug\stdafx.obj
       Manifest:
         C:\Program Files (x86)\Microsoft SDKs\Windows\v7.0A\bin\mt.exe /nologo /verbose /out:"Debug\bam.exe.embed.manifest" /manifest Debug\bam.exe.intermediate.manifest
         All outputs are up-to-date.
       LinkEmbedManifest:
         All outputs are up-to-date.
         Direct_Access_Image_Sample.vcxproj -> C:\Users\cristina\Desktop\HA\fileshare_Direct_Access_Image_Sample\Debug\bam.exe
       FinalizeBuildStatus:
         Deleting file "Debug\bam.unsuccessfulbuild".
         Touching "Debug\bam.lastbuildstate".
     1>Done Building Project "C:\Users\cristina\Desktop\HA\fileshare_Direct_Access_Image_Sample\Direct_Access_Image_Sample.vcxproj" (build target(s)).

Build succeeded.

Time Elapsed 00:00:00.76
