Build started 12-Dec-13 9:25:55 PM.
     1>Project "D:\Facultate\An 4\An 4 - Sem 1\MPS\Proiect\ImageBinarization\ImageBinarization\ImageBinarization.vcxproj" on node 2 (Build target(s)).
     1>ClCompile:
         C:\Program Files (x86)\Microsoft Visual Studio 12.0\VC\bin\CL.exe /c /Zi /nologo /W4 /WX- /sdl /O2 /Oi /Oy- /GL /D WIN32 /D NDEBUG /D _CONSOLE /D _UNICODE /D UNICODE /Gm- /EHsc /MD /GS /Gy /fp:precise /Zc:wchar_t /Zc:forScope /Yc"stdafx.h" /Fp"Release\ImageBinarization.pch" /Fo"Release\\" /Fd"Release\vc120.pdb" /Gd /TP /analyze- /errorReport:prompt stdafx.cpp
         stdafx.cpp
         C:\Program Files (x86)\Microsoft Visual Studio 12.0\VC\bin\CL.exe /c /Zi /nologo /W4 /WX- /sdl /O2 /Oi /Oy- /GL /D WIN32 /D NDEBUG /D _CONSOLE /D _UNICODE /D UNICODE /Gm- /EHsc /MD /GS /Gy /fp:precise /Zc:wchar_t /Zc:forScope /Yu"stdafx.h" /Fp"Release\ImageBinarization.pch" /Fo"Release\\" /Fd"Release\vc120.pdb" /Gd /TP /analyze- /errorReport:prompt Buffers.cpp ChristianBinarization.cpp Direct_Access_Image.cpp Main.cpp MyBarrier.cpp MyMutex.cpp MyThread.cpp
         Buffers.cpp
         ChristianBinarization.cpp
         Direct_Access_Image.cpp
         Main.cpp
         MyBarrier.cpp
         MyMutex.cpp
         MyThread.cpp
       Link:
         C:\Program Files (x86)\Microsoft Visual Studio 12.0\VC\bin\link.exe /ERRORREPORT:PROMPT /OUT:"D:\Facultate\An 4\An 4 - Sem 1\MPS\Proiect\ImageBinarization\Release\ImageBinarization.exe" /INCREMENTAL:NO /NOLOGO kernel32.lib user32.lib gdi32.lib winspool.lib comdlg32.lib advapi32.lib shell32.lib ole32.lib oleaut32.lib uuid.lib odbc32.lib odbccp32.lib /MANIFEST /MANIFESTUAC:"level='asInvoker' uiAccess='false'" /manifest:embed /DEBUG /PDB:"D:\Facultate\An 4\An 4 - Sem 1\MPS\Proiect\ImageBinarization\Release\ImageBinarization.pdb" /SUBSYSTEM:CONSOLE /OPT:REF /OPT:ICF /LTCG /TLBID:1 /DYNAMICBASE /NXCOMPAT /IMPLIB:"D:\Facultate\An 4\An 4 - Sem 1\MPS\Proiect\ImageBinarization\Release\ImageBinarization.lib" /MACHINE:X86 /SAFESEH Release\Buffers.obj
         Release\ChristianBinarization.obj
         Release\Direct_Access_Image.obj
         Release\Main.obj
         Release\MyBarrier.obj
         Release\MyMutex.obj
         Release\stdafx.obj
         Release\MyThread.obj
         Generating code
         Finished generating code
         ImageBinarization.vcxproj -> D:\Facultate\An 4\An 4 - Sem 1\MPS\Proiect\ImageBinarization\Release\ImageBinarization.exe
     1>Done Building Project "D:\Facultate\An 4\An 4 - Sem 1\MPS\Proiect\ImageBinarization\ImageBinarization\ImageBinarization.vcxproj" (Build target(s)).

Build succeeded.

Time Elapsed 00:00:03.15
